<?xml version="1.0" encoding="UTF-8"?>
<!-- Generated by org.testng.reporters.JUnitXMLReporter -->
<testsuite hostname="DESKTOP-US8RL53" ignored="1" name="Bypass auth using cookies" tests="2" failures="0" timestamp="2020-05-18T17:04:23 IST" time="17.344" errors="0">
  <testcase name="verifyNameWithCookie" time="6.043" classname="cookieHandling.TestCasesTest"/>
  <testcase name="verifyName" time="0.076" classname="cookieHandling.TestCasesTest"/>
  <testcase name="login" time="0.0" classname="cookieHandling.TestCasesTest">
    <ignored/>
  </testcase> <!-- login -->
</testsuite> <!-- Bypass auth using cookies -->
