<?xml version="1.0" encoding="UTF-8"?>
<!-- Generated by org.testng.reporters.JUnitXMLReporter -->
<testsuite hostname="DESKTOP-US8RL53" ignored="1" name="Bypass auth using cookies" tests="2" failures="0" timestamp="13 May 2020 17:40:13 GMT" time="21.283" errors="0">
  <testcase name="verifyNameWithCookie" time="5.3" classname="cookieHandling.TestCases"/>
  <testcase name="verifyName" time="0.574" classname="cookieHandling.TestCases"/>
  <testcase name="login" time="0.0" classname="cookieHandling.TestCases">
    <ignored/>
  </testcase> <!-- login -->
</testsuite> <!-- Bypass auth using cookies -->
