<?xml version="1.0" encoding="UTF-8"?>
<!-- Generated by org.testng.reporters.JUnitXMLReporter -->
<testsuite hostname="DESKTOP-US8RL53" ignored="1" name="Default test" tests="2" failures="0" timestamp="13 May 2020 13:08:21 GMT" time="16.692" errors="0">
  <testcase name="verifyNameWithCookie" time="9.421" classname="cookieHandling.TestCases"/>
  <testcase name="verifyName" time="0.039" classname="cookieHandling.TestCases"/>
  <testcase name="login" time="0.0" classname="cookieHandling.TestCases">
    <ignored/>
  </testcase> <!-- login -->
</testsuite> <!-- Default test -->
