<?xml version="1.0" encoding="UTF-8"?>
<testng-results skipped="0" failed="0" ignored="1" total="3" passed="2">
  <reporter-output>
  </reporter-output>
  <suite name="Cookies Manipulation Test" duration-ms="17344" started-at="2020-05-18T17:04:05 IST" finished-at="2020-05-18T17:04:23 IST">
    <groups>
    </groups>
    <test name="Bypass auth using cookies" duration-ms="17344" started-at="2020-05-18T17:04:05 IST" finished-at="2020-05-18T17:04:23 IST">
      <class name="cookieHandling.TestCasesTest">
        <test-method status="PASS" signature="setup1()[pri:0, instance:cookieHandling.TestCasesTest@18ce0030]" name="setup1" is-config="true" duration-ms="11111" started-at="2020-05-18T17:04:05 IST" finished-at="2020-05-18T17:04:16 IST">
          <reporter-output>
          </reporter-output>
        </test-method> <!-- setup1 -->
        <test-method status="PASS" signature="verifyNameWithCookie()[pri:1, instance:cookieHandling.TestCasesTest@18ce0030]" name="verifyNameWithCookie" duration-ms="6043" started-at="2020-05-18T17:04:16 IST" finished-at="2020-05-18T17:04:22 IST">
          <reporter-output>
          </reporter-output>
        </test-method> <!-- verifyNameWithCookie -->
        <test-method status="PASS" signature="verifyName()[pri:2, instance:cookieHandling.TestCasesTest@18ce0030]" name="verifyName" duration-ms="76" started-at="2020-05-18T17:04:22 IST" finished-at="2020-05-18T17:04:23 IST">
          <reporter-output>
          </reporter-output>
        </test-method> <!-- verifyName -->
      </class> <!-- cookieHandling.TestCasesTest -->
    </test> <!-- Bypass auth using cookies -->
  </suite> <!-- Cookies Manipulation Test -->
</testng-results>
